#! /opt/homebrew/Cellar/icarus-verilog/11.0/bin/vvp
:ivl_version "11.0 (stable)";
:ivl_delay_selection "TYPICAL";
:vpi_time_precision - 10;
:vpi_module "/opt/homebrew/Cellar/icarus-verilog/11.0/lib/ivl/system.vpi";
:vpi_module "/opt/homebrew/Cellar/icarus-verilog/11.0/lib/ivl/vhdl_sys.vpi";
:vpi_module "/opt/homebrew/Cellar/icarus-verilog/11.0/lib/ivl/vhdl_textio.vpi";
:vpi_module "/opt/homebrew/Cellar/icarus-verilog/11.0/lib/ivl/v2005_math.vpi";
:vpi_module "/opt/homebrew/Cellar/icarus-verilog/11.0/lib/ivl/va_math.vpi";
S_0x145e09860 .scope module, "seg_dec_tb" "seg_dec_tb" 2 4;
 .timescale -8 -10;
v0x145e1e4d0_0 .net "a_g", 6 0, v0x145e081d0_0;  1 drivers
v0x145e1e590_0 .var "num", 3 0;
S_0x145e099d0 .scope module, "seg_dec_tb" "seg_dec" 2 4, 3 1 0, S_0x145e09860;
 .timescale -8 -10;
    .port_info 0 /INPUT 4 "num";
    .port_info 1 /OUTPUT 7 "a_g";
v0x145e081d0_0 .var "a_g", 6 0;
v0x145e1e410_0 .net "num", 3 0, v0x145e1e590_0;  1 drivers
E_0x145e0db20 .event edge, v0x145e1e410_0;
    .scope S_0x145e099d0;
T_0 ;
    %wait E_0x145e0db20;
    %load/vec4 v0x145e1e410_0;
    %dup/vec4;
    %pushi/vec4 0, 0, 4;
    %cmp/u;
    %jmp/1 T_0.0, 6;
    %dup/vec4;
    %pushi/vec4 1, 0, 4;
    %cmp/u;
    %jmp/1 T_0.1, 6;
    %dup/vec4;
    %pushi/vec4 2, 0, 4;
    %cmp/u;
    %jmp/1 T_0.2, 6;
    %dup/vec4;
    %pushi/vec4 3, 0, 4;
    %cmp/u;
    %jmp/1 T_0.3, 6;
    %dup/vec4;
    %pushi/vec4 4, 0, 4;
    %cmp/u;
    %jmp/1 T_0.4, 6;
    %dup/vec4;
    %pushi/vec4 5, 0, 4;
    %cmp/u;
    %jmp/1 T_0.5, 6;
    %dup/vec4;
    %pushi/vec4 6, 0, 4;
    %cmp/u;
    %jmp/1 T_0.6, 6;
    %dup/vec4;
    %pushi/vec4 7, 0, 4;
    %cmp/u;
    %jmp/1 T_0.7, 6;
    %dup/vec4;
    %pushi/vec4 8, 0, 4;
    %cmp/u;
    %jmp/1 T_0.8, 6;
    %dup/vec4;
    %pushi/vec4 9, 0, 4;
    %cmp/u;
    %jmp/1 T_0.9, 6;
    %pushi/vec4 1, 0, 7;
    %assign/vec4 v0x145e081d0_0, 0;
    %jmp T_0.11;
T_0.0 ;
    %pushi/vec4 126, 0, 7;
    %assign/vec4 v0x145e081d0_0, 0;
    %jmp T_0.11;
T_0.1 ;
    %pushi/vec4 48, 0, 7;
    %assign/vec4 v0x145e081d0_0, 0;
    %jmp T_0.11;
T_0.2 ;
    %pushi/vec4 109, 0, 7;
    %assign/vec4 v0x145e081d0_0, 0;
    %jmp T_0.11;
T_0.3 ;
    %pushi/vec4 121, 0, 7;
    %assign/vec4 v0x145e081d0_0, 0;
    %jmp T_0.11;
T_0.4 ;
    %pushi/vec4 50, 0, 7;
    %assign/vec4 v0x145e081d0_0, 0;
    %jmp T_0.11;
T_0.5 ;
    %pushi/vec4 91, 0, 7;
    %assign/vec4 v0x145e081d0_0, 0;
    %jmp T_0.11;
T_0.6 ;
    %pushi/vec4 95, 0, 7;
    %assign/vec4 v0x145e081d0_0, 0;
    %jmp T_0.11;
T_0.7 ;
    %pushi/vec4 112, 0, 7;
    %assign/vec4 v0x145e081d0_0, 0;
    %jmp T_0.11;
T_0.8 ;
    %pushi/vec4 127, 0, 7;
    %assign/vec4 v0x145e081d0_0, 0;
    %jmp T_0.11;
T_0.9 ;
    %pushi/vec4 123, 0, 7;
    %assign/vec4 v0x145e081d0_0, 0;
    %jmp T_0.11;
T_0.11 ;
    %pop/vec4 1;
    %jmp T_0;
    .thread T_0, $push;
    .scope S_0x145e09860;
T_1 ;
    %vpi_call 2 7 "$dumpfile", "learn/seg_dec/seg_dec.vcd" {0 0 0};
    %vpi_call 2 8 "$dumpvars", 32'sb00000000000000000000000000000000, S_0x145e099d0 {0 0 0};
    %end;
    .thread T_1;
    .scope S_0x145e09860;
T_2 ;
    %pushi/vec4 0, 0, 4;
    %assign/vec4 v0x145e1e590_0, 0;
    %delay 20000, 0;
    %vpi_call 2 12 "$stop" {0 0 0};
    %end;
    .thread T_2;
    .scope S_0x145e09860;
T_3 ;
    %delay 1000, 0;
    %load/vec4 v0x145e1e590_0;
    %addi 1, 0, 4;
    %assign/vec4 v0x145e1e590_0, 0;
    %jmp T_3;
    .thread T_3;
# The file index is used to find the file name in the following table.
:file_names 4;
    "N/A";
    "<interactive>";
    "learn/seg_dec/seg_dec_tb.v";
    "learn/seg_dec/seg_dec.v";
