#! /opt/homebrew/Cellar/icarus-verilog/11.0/bin/vvp
:ivl_version "11.0 (stable)";
:ivl_delay_selection "TYPICAL";
:vpi_time_precision - 11;
:vpi_module "/opt/homebrew/Cellar/icarus-verilog/11.0/lib/ivl/system.vpi";
:vpi_module "/opt/homebrew/Cellar/icarus-verilog/11.0/lib/ivl/vhdl_sys.vpi";
:vpi_module "/opt/homebrew/Cellar/icarus-verilog/11.0/lib/ivl/vhdl_textio.vpi";
:vpi_module "/opt/homebrew/Cellar/icarus-verilog/11.0/lib/ivl/v2005_math.vpi";
:vpi_module "/opt/homebrew/Cellar/icarus-verilog/11.0/lib/ivl/va_math.vpi";
S_0x142608020 .scope module, "fn_sw_4_tb" "fn_sw_4_tb" 2 2;
 .timescale -9 -11;
v0x14261eda0_0 .var "absel", 3 0;
v0x14261ee60_0 .net "y", 0 0, v0x14261eca0_0;  1 drivers
L_0x14261ef00 .part v0x14261eda0_0, 0, 1;
L_0x14261efe0 .part v0x14261eda0_0, 1, 1;
L_0x14261f0e0 .part v0x14261eda0_0, 2, 1;
S_0x142608190 .scope module, "fn_sw_4_tb" "fn_sw_4" 2 2, 3 3 0, S_0x142608020;
 .timescale -9 -11;
    .port_info 0 /INPUT 1 "a";
    .port_info 1 /INPUT 1 "b";
    .port_info 2 /INPUT 1 "sel";
    .port_info 3 /OUTPUT 1 "y";
v0x14260e300_0 .net "a", 0 0, L_0x14261ef00;  1 drivers
v0x14261eb50_0 .net "b", 0 0, L_0x14261efe0;  1 drivers
v0x14261ebf0_0 .net "sel", 0 0, L_0x14261f0e0;  1 drivers
v0x14261eca0_0 .var "y", 0 0;
E_0x14260e7f0 .event edge, v0x14261ebf0_0, v0x14261eb50_0, v0x14260e300_0;
    .scope S_0x142608190;
T_0 ;
    %wait E_0x14260e7f0;
    %load/vec4 v0x14261ebf0_0;
    %pad/u 2;
    %dup/vec4;
    %pushi/vec4 0, 0, 2;
    %cmp/u;
    %jmp/1 T_0.0, 6;
    %dup/vec4;
    %pushi/vec4 1, 0, 2;
    %cmp/u;
    %jmp/1 T_0.1, 6;
    %dup/vec4;
    %pushi/vec4 2, 0, 2;
    %cmp/u;
    %jmp/1 T_0.2, 6;
    %dup/vec4;
    %pushi/vec4 3, 0, 2;
    %cmp/u;
    %jmp/1 T_0.3, 6;
    %jmp T_0.4;
T_0.0 ;
    %load/vec4 v0x14260e300_0;
    %load/vec4 v0x14261eb50_0;
    %and;
    %assign/vec4 v0x14261eca0_0, 0;
    %jmp T_0.4;
T_0.1 ;
    %load/vec4 v0x14260e300_0;
    %load/vec4 v0x14261eb50_0;
    %or;
    %assign/vec4 v0x14261eca0_0, 0;
    %jmp T_0.4;
T_0.2 ;
    %load/vec4 v0x14260e300_0;
    %load/vec4 v0x14261eb50_0;
    %xor;
    %assign/vec4 v0x14261eca0_0, 0;
    %jmp T_0.4;
T_0.3 ;
    %load/vec4 v0x14260e300_0;
    %load/vec4 v0x14261eb50_0;
    %xor;
    %inv;
    %assign/vec4 v0x14261eca0_0, 0;
    %jmp T_0.4;
T_0.4 ;
    %pop/vec4 1;
    %jmp T_0;
    .thread T_0, $push;
    .scope S_0x142608020;
T_1 ;
    %vpi_call 2 5 "$dumpfile", "learn/fn_sw_4/fn_sw_4.vcd" {0 0 0};
    %vpi_call 2 6 "$dumpvars", 32'sb00000000000000000000000000000000, S_0x142608190 {0 0 0};
    %end;
    .thread T_1;
    .scope S_0x142608020;
T_2 ;
    %pushi/vec4 0, 0, 4;
    %assign/vec4 v0x14261eda0_0, 0;
    %delay 20000, 0;
    %vpi_call 2 12 "$stop" {0 0 0};
    %end;
    .thread T_2;
    .scope S_0x142608020;
T_3 ;
    %delay 1000, 0;
    %load/vec4 v0x14261eda0_0;
    %addi 1, 0, 4;
    %assign/vec4 v0x14261eda0_0, 0;
    %jmp T_3;
    .thread T_3;
# The file index is used to find the file name in the following table.
:file_names 4;
    "N/A";
    "<interactive>";
    "learn/fn_sw_4/fn_sw_4_tb.v";
    "learn/fn_sw_4/fn_sw_4.v";
