#! /opt/homebrew/Cellar/icarus-verilog/11.0/bin/vvp
:ivl_version "11.0 (stable)";
:ivl_delay_selection "TYPICAL";
:vpi_time_precision - 11;
:vpi_module "/opt/homebrew/Cellar/icarus-verilog/11.0/lib/ivl/system.vpi";
:vpi_module "/opt/homebrew/Cellar/icarus-verilog/11.0/lib/ivl/vhdl_sys.vpi";
:vpi_module "/opt/homebrew/Cellar/icarus-verilog/11.0/lib/ivl/vhdl_textio.vpi";
:vpi_module "/opt/homebrew/Cellar/icarus-verilog/11.0/lib/ivl/v2005_math.vpi";
:vpi_module "/opt/homebrew/Cellar/icarus-verilog/11.0/lib/ivl/va_math.vpi";
S_0x123e08030 .scope module, "nand_gate_4bit_tb" "nand_gate_4bit_tb" 2 2;
 .timescale 0 0;
v0x123e1d450_0 .var "aa", 3 0;
v0x123e1d500_0 .var "bb", 3 0;
v0x123e1d5b0_0 .net "yy", 3 0, L_0x123e1d7b0;  1 drivers
S_0x123e081a0 .scope module, "nand_gate_4bit_tb" "nand_gate_4bit" 2 2, 3 2 0, S_0x123e08030;
 .timescale -9 -11;
    .port_info 0 /INPUT 4 "A";
    .port_info 1 /INPUT 4 "B";
    .port_info 2 /OUTPUT 4 "Y";
L_0x123e1d680 .functor AND 4, v0x123e1d450_0, v0x123e1d500_0, C4<1111>, C4<1111>;
L_0x123e1d7b0 .functor NOT 4, L_0x123e1d680, C4<0000>, C4<0000>, C4<0000>;
v0x123e0a2c0_0 .net "A", 3 0, v0x123e1d450_0;  1 drivers
v0x123e1d1e0_0 .net "B", 3 0, v0x123e1d500_0;  1 drivers
v0x123e1d290_0 .net "Y", 3 0, L_0x123e1d7b0;  alias, 1 drivers
v0x123e1d350_0 .net *"_ivl_0", 3 0, L_0x123e1d680;  1 drivers
    .scope S_0x123e08030;
T_0 ;
    %vpi_call 2 5 "$dumpfile", "learn/nand_gate_4bit/nand_gate_4bit.vcd" {0 0 0};
    %vpi_call 2 6 "$dumpvars", 32'sb00000000000000000000000000000000, S_0x123e081a0 {0 0 0};
    %end;
    .thread T_0;
    .scope S_0x123e08030;
T_1 ;
    %pushi/vec4 0, 0, 4;
    %assign/vec4 v0x123e1d450_0, 0;
    %pushi/vec4 0, 0, 4;
    %assign/vec4 v0x123e1d500_0, 0;
    %delay 3567587328, 232;
    %pushi/vec4 1, 0, 4;
    %assign/vec4 v0x123e1d450_0, 0;
    %pushi/vec4 6, 0, 4;
    %assign/vec4 v0x123e1d500_0, 0;
    %delay 3567587328, 232;
    %pushi/vec4 2, 0, 4;
    %assign/vec4 v0x123e1d450_0, 0;
    %pushi/vec4 9, 0, 4;
    %assign/vec4 v0x123e1d500_0, 0;
    %delay 3567587328, 232;
    %pushi/vec4 4, 0, 4;
    %assign/vec4 v0x123e1d450_0, 0;
    %pushi/vec4 12, 0, 4;
    %assign/vec4 v0x123e1d500_0, 0;
    %delay 3567587328, 232;
    %vpi_call 2 15 "$stop" {0 0 0};
    %end;
    .thread T_1;
# The file index is used to find the file name in the following table.
:file_names 4;
    "N/A";
    "<interactive>";
    "learn/nand_gate_4bit/nand_gate_4bit_tb.v";
    "learn/nand_gate_4bit/nand_gate_4bit.v";
