#! /opt/homebrew/Cellar/icarus-verilog/11.0/bin/vvp
:ivl_version "11.0 (stable)";
:ivl_delay_selection "TYPICAL";
:vpi_time_precision - 10;
:vpi_module "/opt/homebrew/Cellar/icarus-verilog/11.0/lib/ivl/system.vpi";
:vpi_module "/opt/homebrew/Cellar/icarus-verilog/11.0/lib/ivl/vhdl_sys.vpi";
:vpi_module "/opt/homebrew/Cellar/icarus-verilog/11.0/lib/ivl/vhdl_textio.vpi";
:vpi_module "/opt/homebrew/Cellar/icarus-verilog/11.0/lib/ivl/v2005_math.vpi";
:vpi_module "/opt/homebrew/Cellar/icarus-verilog/11.0/lib/ivl/va_math.vpi";
S_0x13de08090 .scope module, "counter_tb" "counter_tb" 2 2;
 .timescale -8 -10;
v0x13de1e3d0_0 .var "clk", 0 0;
v0x13de1e470_0 .var "res", 0 0;
v0x13de1e520_0 .net "y", 7 0, v0x13de1e2b0_0;  1 drivers
S_0x13de09c10 .scope module, "counter_tb" "counter" 2 2, 3 1 0, S_0x13de08090;
 .timescale -8 -10;
    .port_info 0 /INPUT 1 "clk";
    .port_info 1 /INPUT 1 "res";
    .port_info 2 /OUTPUT 8 "y";
L_0x140078010 .functor BUFT 1, C4<00000001>, C4<0>, C4<0>, C4<0>;
v0x13de08200_0 .net/2u *"_ivl_0", 7 0, L_0x140078010;  1 drivers
v0x13de1e0b0_0 .net "clk", 0 0, v0x13de1e3d0_0;  1 drivers
v0x13de1e150_0 .net "res", 0 0, v0x13de1e470_0;  1 drivers
v0x13de1e200_0 .net "sum", 7 0, L_0x13de1e610;  1 drivers
v0x13de1e2b0_0 .var "y", 7 0;
E_0x13de0cff0/0 .event negedge, v0x13de1e150_0;
E_0x13de0cff0/1 .event posedge, v0x13de1e0b0_0;
E_0x13de0cff0 .event/or E_0x13de0cff0/0, E_0x13de0cff0/1;
L_0x13de1e610 .arith/sum 8, v0x13de1e2b0_0, L_0x140078010;
    .scope S_0x13de09c10;
T_0 ;
    %wait E_0x13de0cff0;
    %load/vec4 v0x13de1e150_0;
    %inv;
    %flag_set/vec4 8;
    %jmp/0xz  T_0.0, 8;
    %pushi/vec4 0, 0, 8;
    %assign/vec4 v0x13de1e2b0_0, 0;
    %jmp T_0.1;
T_0.0 ;
    %load/vec4 v0x13de1e200_0;
    %assign/vec4 v0x13de1e2b0_0, 0;
T_0.1 ;
    %jmp T_0;
    .thread T_0;
    .scope S_0x13de08090;
T_1 ;
    %vpi_call 2 5 "$dumpfile", "learn/counter/counter.vcd" {0 0 0};
    %vpi_call 2 6 "$dumpvars", 32'sb00000000000000000000000000000000, S_0x13de09c10 {0 0 0};
    %end;
    .thread T_1;
    .scope S_0x13de08090;
T_2 ;
    %pushi/vec4 0, 0, 1;
    %assign/vec4 v0x13de1e3d0_0, 0;
    %pushi/vec4 0, 0, 1;
    %assign/vec4 v0x13de1e470_0, 0;
    %delay 1700, 0;
    %pushi/vec4 1, 0, 1;
    %assign/vec4 v0x13de1e470_0, 0;
    %delay 600000, 0;
    %vpi_call 2 12 "$stop" {0 0 0};
    %end;
    .thread T_2;
    .scope S_0x13de08090;
T_3 ;
    %delay 500, 0;
    %load/vec4 v0x13de1e3d0_0;
    %inv;
    %assign/vec4 v0x13de1e3d0_0, 0;
    %jmp T_3;
    .thread T_3;
# The file index is used to find the file name in the following table.
:file_names 4;
    "N/A";
    "<interactive>";
    "learn/counter/counter_tb.v";
    "learn/counter/counter.v";
