#! /opt/homebrew/Cellar/icarus-verilog/11.0/bin/vvp
:ivl_version "11.0 (stable)";
:ivl_delay_selection "TYPICAL";
:vpi_time_precision - 11;
:vpi_module "/opt/homebrew/Cellar/icarus-verilog/11.0/lib/ivl/system.vpi";
:vpi_module "/opt/homebrew/Cellar/icarus-verilog/11.0/lib/ivl/vhdl_sys.vpi";
:vpi_module "/opt/homebrew/Cellar/icarus-verilog/11.0/lib/ivl/vhdl_textio.vpi";
:vpi_module "/opt/homebrew/Cellar/icarus-verilog/11.0/lib/ivl/v2005_math.vpi";
:vpi_module "/opt/homebrew/Cellar/icarus-verilog/11.0/lib/ivl/va_math.vpi";
S_0x13de08160 .scope module, "fn_sw_tb" "fn_sw_tb" 2 2;
 .timescale 0 0;
v0x13de20ea0_0 .var "a", 0 0;
v0x13de20f40_0 .var "b", 0 0;
v0x13de20ff0_0 .var "sel", 0 0;
v0x13de210c0_0 .net "y", 0 0, v0x13de20da0_0;  1 drivers
S_0x13de0b9b0 .scope module, "fn_sw_tb" "fn_sw" 2 3, 3 17 0, S_0x13de08160;
 .timescale -9 -11;
    .port_info 0 /INPUT 1 "a";
    .port_info 1 /INPUT 1 "b";
    .port_info 2 /INPUT 1 "sel";
    .port_info 3 /OUTPUT 1 "y";
v0x13de0bb20_0 .net "a", 0 0, v0x13de20ea0_0;  1 drivers
v0x13de20c50_0 .net "b", 0 0, v0x13de20f40_0;  1 drivers
v0x13de20cf0_0 .net "sel", 0 0, v0x13de20ff0_0;  1 drivers
v0x13de20da0_0 .var "y", 0 0;
E_0x13de08ae0 .event edge, v0x13de20cf0_0, v0x13de20c50_0, v0x13de0bb20_0;
    .scope S_0x13de0b9b0;
T_0 ;
    %wait E_0x13de08ae0;
    %load/vec4 v0x13de20cf0_0;
    %pad/u 32;
    %cmpi/e 1, 0, 32;
    %jmp/0xz  T_0.0, 4;
    %load/vec4 v0x13de0bb20_0;
    %load/vec4 v0x13de20c50_0;
    %xor;
    %assign/vec4 v0x13de20da0_0, 0;
    %jmp T_0.1;
T_0.0 ;
    %load/vec4 v0x13de0bb20_0;
    %load/vec4 v0x13de20c50_0;
    %and;
    %assign/vec4 v0x13de20da0_0, 0;
T_0.1 ;
    %jmp T_0;
    .thread T_0, $push;
    .scope S_0x13de08160;
T_1 ;
    %vpi_call 2 6 "$dumpfile", "learn/fn_sw/fn_sw.vcd" {0 0 0};
    %vpi_call 2 7 "$dumpvars", 32'sb00000000000000000000000000000000, S_0x13de0b9b0 {0 0 0};
    %end;
    .thread T_1;
    .scope S_0x13de08160;
T_2 ;
    %pushi/vec4 0, 0, 1;
    %assign/vec4 v0x13de20ea0_0, 0;
    %pushi/vec4 0, 0, 1;
    %assign/vec4 v0x13de20f40_0, 0;
    %pushi/vec4 0, 0, 1;
    %assign/vec4 v0x13de20ff0_0, 0;
    %delay 3567587328, 232;
    %pushi/vec4 0, 0, 1;
    %assign/vec4 v0x13de20ea0_0, 0;
    %pushi/vec4 0, 0, 1;
    %assign/vec4 v0x13de20f40_0, 0;
    %pushi/vec4 1, 0, 1;
    %assign/vec4 v0x13de20ff0_0, 0;
    %delay 3567587328, 232;
    %pushi/vec4 0, 0, 1;
    %assign/vec4 v0x13de20ea0_0, 0;
    %pushi/vec4 1, 0, 1;
    %assign/vec4 v0x13de20f40_0, 0;
    %pushi/vec4 0, 0, 1;
    %assign/vec4 v0x13de20ff0_0, 0;
    %delay 3567587328, 232;
    %pushi/vec4 0, 0, 1;
    %assign/vec4 v0x13de20ea0_0, 0;
    %pushi/vec4 1, 0, 1;
    %assign/vec4 v0x13de20f40_0, 0;
    %pushi/vec4 1, 0, 1;
    %assign/vec4 v0x13de20ff0_0, 0;
    %delay 3567587328, 232;
    %pushi/vec4 1, 0, 1;
    %assign/vec4 v0x13de20ea0_0, 0;
    %pushi/vec4 0, 0, 1;
    %assign/vec4 v0x13de20f40_0, 0;
    %pushi/vec4 0, 0, 1;
    %assign/vec4 v0x13de20ff0_0, 0;
    %delay 3567587328, 232;
    %pushi/vec4 1, 0, 1;
    %assign/vec4 v0x13de20ea0_0, 0;
    %pushi/vec4 0, 0, 1;
    %assign/vec4 v0x13de20f40_0, 0;
    %pushi/vec4 1, 0, 1;
    %assign/vec4 v0x13de20ff0_0, 0;
    %delay 3567587328, 232;
    %pushi/vec4 1, 0, 1;
    %assign/vec4 v0x13de20ea0_0, 0;
    %pushi/vec4 1, 0, 1;
    %assign/vec4 v0x13de20f40_0, 0;
    %pushi/vec4 0, 0, 1;
    %assign/vec4 v0x13de20ff0_0, 0;
    %delay 3567587328, 232;
    %pushi/vec4 1, 0, 1;
    %assign/vec4 v0x13de20ea0_0, 0;
    %pushi/vec4 1, 0, 1;
    %assign/vec4 v0x13de20f40_0, 0;
    %pushi/vec4 1, 0, 1;
    %assign/vec4 v0x13de20ff0_0, 0;
    %delay 3567587328, 232;
    %vpi_call 2 20 "$stop" {0 0 0};
    %end;
    .thread T_2;
# The file index is used to find the file name in the following table.
:file_names 4;
    "N/A";
    "<interactive>";
    "learn/fn_sw/fn_sw_tb.v";
    "learn/fn_sw/fn_sw.v";
