#! /opt/homebrew/Cellar/icarus-verilog/11.0/bin/vvp
:ivl_version "11.0 (stable)";
:ivl_delay_selection "TYPICAL";
:vpi_time_precision - 11;
:vpi_module "/opt/homebrew/Cellar/icarus-verilog/11.0/lib/ivl/system.vpi";
:vpi_module "/opt/homebrew/Cellar/icarus-verilog/11.0/lib/ivl/vhdl_sys.vpi";
:vpi_module "/opt/homebrew/Cellar/icarus-verilog/11.0/lib/ivl/vhdl_textio.vpi";
:vpi_module "/opt/homebrew/Cellar/icarus-verilog/11.0/lib/ivl/v2005_math.vpi";
:vpi_module "/opt/homebrew/Cellar/icarus-verilog/11.0/lib/ivl/va_math.vpi";
S_0x150e08090 .scope module, "inv_tb" "inv_tb" 2 8;
 .timescale 0 0;
v0x150e1bbf0_0 .var "aa", 0 0;
v0x150e1bca0_0 .net "yy", 0 0, L_0x150e1bd50;  1 drivers
S_0x150e09b10 .scope module, "inv" "inv" 2 8, 3 4 0, S_0x150e08090;
 .timescale -9 -11;
    .port_info 0 /INPUT 1 "A";
    .port_info 1 /OUTPUT 1 "Y";
L_0x150e1bd50 .functor NOT 1, v0x150e1bbf0_0, C4<0>, C4<0>, C4<0>;
v0x150e08200_0 .net "A", 0 0, v0x150e1bbf0_0;  1 drivers
v0x150e1bb40_0 .net "Y", 0 0, L_0x150e1bd50;  alias, 1 drivers
    .scope S_0x150e08090;
T_0 ;
    %vpi_call 2 11 "$dumpfile", "/Users/ud/projects/my/verilog/learn/first/inv.vcd" {0 0 0};
    %vpi_call 2 12 "$dumpvars", 32'sb00000000000000000000000000000000, S_0x150e08090 {0 0 0};
    %delay 2764472320, 232830;
    %vpi_call 2 13 "$finish" {0 0 0};
    %end;
    .thread T_0;
    .scope S_0x150e08090;
T_1 ;
    %pushi/vec4 0, 0, 1;
    %assign/vec4 v0x150e1bbf0_0, 0;
    %delay 3567587328, 232;
    %pushi/vec4 1, 0, 1;
    %assign/vec4 v0x150e1bbf0_0, 0;
    %delay 3567587328, 232;
    %pushi/vec4 0, 0, 1;
    %assign/vec4 v0x150e1bbf0_0, 0;
    %delay 3567587328, 232;
    %pushi/vec4 1, 0, 1;
    %assign/vec4 v0x150e1bbf0_0, 0;
    %delay 3567587328, 232;
    %vpi_call 2 21 "$stop" {0 0 0};
    %end;
    .thread T_1;
# The file index is used to find the file name in the following table.
:file_names 4;
    "N/A";
    "<interactive>";
    "learn/first/inv_tb.v";
    "learn/first/inv.v";
