#! /opt/homebrew/Cellar/icarus-verilog/11.0/bin/vvp
:ivl_version "11.0 (stable)";
:ivl_delay_selection "TYPICAL";
:vpi_time_precision - 10;
:vpi_module "/opt/homebrew/Cellar/icarus-verilog/11.0/lib/ivl/system.vpi";
:vpi_module "/opt/homebrew/Cellar/icarus-verilog/11.0/lib/ivl/vhdl_sys.vpi";
:vpi_module "/opt/homebrew/Cellar/icarus-verilog/11.0/lib/ivl/vhdl_textio.vpi";
:vpi_module "/opt/homebrew/Cellar/icarus-verilog/11.0/lib/ivl/v2005_math.vpi";
:vpi_module "/opt/homebrew/Cellar/icarus-verilog/11.0/lib/ivl/va_math.vpi";
S_0x12a707710 .scope module, "s_counter_tb" "s_counter_tb" 2 2;
 .timescale -9 -10;
v0x12a717eb0_0 .var "clk", 0 0;
v0x12a717f50_0 .var "res", 0 0;
v0x12a718000_0 .net "s_num", 3 0, v0x12a717d40_0;  1 drivers
S_0x12a707880 .scope module, "s_counter_tb" "s_counter" 2 2, 3 1 0, S_0x12a707710;
 .timescale -9 -10;
    .port_info 0 /INPUT 1 "clk";
    .port_info 1 /INPUT 1 "res";
    .port_info 2 /OUTPUT 4 "s_num";
P_0x12a707430 .param/l "freq_clk" 0 3 8, +C4<00000000000000000000000000011000>;
v0x12a707b80_0 .net "clk", 0 0, v0x12a717eb0_0;  1 drivers
v0x12a717c10_0 .var "con_t", 24 0;
v0x12a717cb0_0 .net "res", 0 0, v0x12a717f50_0;  1 drivers
v0x12a717d40_0 .var "s_num", 3 0;
v0x12a717dd0_0 .var "s_pulse", 0 0;
E_0x12a707b50/0 .event negedge, v0x12a717cb0_0;
E_0x12a707b50/1 .event posedge, v0x12a707b80_0;
E_0x12a707b50 .event/or E_0x12a707b50/0, E_0x12a707b50/1;
    .scope S_0x12a707880;
T_0 ;
    %wait E_0x12a707b50;
    %load/vec4 v0x12a717cb0_0;
    %inv;
    %flag_set/vec4 8;
    %jmp/0xz  T_0.0, 8;
    %pushi/vec4 0, 0, 25;
    %assign/vec4 v0x12a717c10_0, 0;
    %pushi/vec4 0, 0, 1;
    %assign/vec4 v0x12a717dd0_0, 0;
    %pushi/vec4 0, 0, 4;
    %assign/vec4 v0x12a717d40_0, 0;
    %jmp T_0.1;
T_0.0 ;
    %load/vec4 v0x12a717c10_0;
    %pad/u 32;
    %cmpi/e 2399, 0, 32;
    %jmp/0xz  T_0.2, 4;
    %pushi/vec4 0, 0, 25;
    %assign/vec4 v0x12a717c10_0, 0;
    %jmp T_0.3;
T_0.2 ;
    %load/vec4 v0x12a717c10_0;
    %addi 1, 0, 25;
    %assign/vec4 v0x12a717c10_0, 0;
T_0.3 ;
    %load/vec4 v0x12a717c10_0;
    %pad/u 32;
    %cmpi/e 0, 0, 32;
    %jmp/0xz  T_0.4, 4;
    %pushi/vec4 1, 0, 1;
    %assign/vec4 v0x12a717dd0_0, 0;
    %jmp T_0.5;
T_0.4 ;
    %pushi/vec4 0, 0, 1;
    %assign/vec4 v0x12a717dd0_0, 0;
T_0.5 ;
    %load/vec4 v0x12a717dd0_0;
    %pad/u 32;
    %cmpi/e 1, 0, 32;
    %jmp/0xz  T_0.6, 4;
    %load/vec4 v0x12a717d40_0;
    %pad/u 32;
    %cmpi/e 9, 0, 32;
    %jmp/0xz  T_0.8, 4;
    %pushi/vec4 0, 0, 4;
    %assign/vec4 v0x12a717d40_0, 0;
    %jmp T_0.9;
T_0.8 ;
    %load/vec4 v0x12a717d40_0;
    %addi 1, 0, 4;
    %assign/vec4 v0x12a717d40_0, 0;
T_0.9 ;
T_0.6 ;
T_0.1 ;
    %jmp T_0;
    .thread T_0;
    .scope S_0x12a707710;
T_1 ;
    %vpi_call 2 4 "$dumpfile", "learn/s_counter/s_counter.vcd" {0 0 0};
    %vpi_call 2 5 "$dumpvars", 32'sb00000000000000000000000000000000, S_0x12a707880 {0 0 0};
    %end;
    .thread T_1;
    .scope S_0x12a707710;
T_2 ;
    %pushi/vec4 0, 0, 1;
    %assign/vec4 v0x12a717eb0_0, 0;
    %pushi/vec4 0, 0, 1;
    %assign/vec4 v0x12a717f50_0, 0;
    %delay 170, 0;
    %pushi/vec4 1, 0, 1;
    %assign/vec4 v0x12a717f50_0, 0;
    %delay 10000000, 0;
    %vpi_call 2 11 "$stop" {0 0 0};
    %end;
    .thread T_2;
    .scope S_0x12a707710;
T_3 ;
    %delay 50, 0;
    %load/vec4 v0x12a717eb0_0;
    %inv;
    %assign/vec4 v0x12a717eb0_0, 0;
    %jmp T_3;
    .thread T_3;
# The file index is used to find the file name in the following table.
:file_names 4;
    "N/A";
    "<interactive>";
    "learn/s_counter/s_counter_tb.v";
    "learn/s_counter/s_counter.v";
