#! /opt/homebrew/Cellar/icarus-verilog/11.0/bin/vvp
:ivl_version "11.0 (stable)";
:ivl_delay_selection "TYPICAL";
:vpi_time_precision - 10;
:vpi_module "/opt/homebrew/Cellar/icarus-verilog/11.0/lib/ivl/system.vpi";
:vpi_module "/opt/homebrew/Cellar/icarus-verilog/11.0/lib/ivl/vhdl_sys.vpi";
:vpi_module "/opt/homebrew/Cellar/icarus-verilog/11.0/lib/ivl/vhdl_textio.vpi";
:vpi_module "/opt/homebrew/Cellar/icarus-verilog/11.0/lib/ivl/v2005_math.vpi";
:vpi_module "/opt/homebrew/Cellar/icarus-verilog/11.0/lib/ivl/va_math.vpi";
S_0x11d7046f0 .scope module, "m_gen_tb" "m_gen_tb" 2 3;
 .timescale -9 -10;
v0x11d71ad90_0 .var "clk", 0 0;
v0x11d71ae30_0 .var "res", 0 0;
v0x11d71aee0_0 .net "y", 0 0, L_0x11d71afb0;  1 drivers
S_0x11d706170 .scope module, "mgen_tb" "m_gen" 2 3, 3 1 0, S_0x11d7046f0;
 .timescale -9 -10;
    .port_info 0 /INPUT 1 "clk";
    .port_info 1 /INPUT 1 "res";
    .port_info 2 /OUTPUT 1 "y";
v0x11d704860_0 .net "clk", 0 0, v0x11d71ad90_0;  1 drivers
v0x11d71ab40_0 .var "d", 3 0;
v0x11d71abf0_0 .net "res", 0 0, v0x11d71ae30_0;  1 drivers
v0x11d71aca0_0 .net "y", 0 0, L_0x11d71afb0;  alias, 1 drivers
E_0x11d704f10/0 .event negedge, v0x11d71abf0_0;
E_0x11d704f10/1 .event posedge, v0x11d704860_0;
E_0x11d704f10 .event/or E_0x11d704f10/0, E_0x11d704f10/1;
L_0x11d71afb0 .part v0x11d71ab40_0, 0, 1;
    .scope S_0x11d706170;
T_0 ;
    %wait E_0x11d704f10;
    %load/vec4 v0x11d71abf0_0;
    %inv;
    %flag_set/vec4 8;
    %jmp/0xz  T_0.0, 8;
    %pushi/vec4 15, 0, 4;
    %assign/vec4 v0x11d71ab40_0, 0;
    %jmp T_0.1;
T_0.0 ;
    %load/vec4 v0x11d71ab40_0;
    %parti/s 3, 1, 2;
    %ix/load 4, 0, 0;
    %ix/load 5, 0, 0;
    %flag_set/imm 4, 0;
    %assign/vec4/off/d v0x11d71ab40_0, 4, 5;
    %load/vec4 v0x11d71ab40_0;
    %parti/s 1, 0, 2;
    %load/vec4 v0x11d71ab40_0;
    %parti/s 1, 3, 3;
    %xor;
    %ix/load 4, 3, 0;
    %ix/load 5, 0, 0;
    %flag_set/imm 4, 0;
    %assign/vec4/off/d v0x11d71ab40_0, 4, 5;
T_0.1 ;
    %jmp T_0;
    .thread T_0;
    .scope S_0x11d7046f0;
T_1 ;
    %vpi_call 2 6 "$dumpfile", "learn/m_gen/m_gen.vcd" {0 0 0};
    %vpi_call 2 7 "$dumpvars", 32'sb00000000000000000000000000000000, S_0x11d7046f0 {0 0 0};
    %end;
    .thread T_1;
    .scope S_0x11d7046f0;
T_2 ;
    %pushi/vec4 0, 0, 1;
    %assign/vec4 v0x11d71ad90_0, 0;
    %pushi/vec4 0, 0, 1;
    %assign/vec4 v0x11d71ae30_0, 0;
    %delay 170, 0;
    %pushi/vec4 1, 0, 1;
    %assign/vec4 v0x11d71ae30_0, 0;
    %delay 6000, 0;
    %vpi_call 2 13 "$stop" {0 0 0};
    %end;
    .thread T_2;
    .scope S_0x11d7046f0;
T_3 ;
    %delay 50, 0;
    %load/vec4 v0x11d71ad90_0;
    %inv;
    %assign/vec4 v0x11d71ad90_0, 0;
    %jmp T_3;
    .thread T_3;
# The file index is used to find the file name in the following table.
:file_names 4;
    "N/A";
    "<interactive>";
    "learn/m_gen/m_gen_tb.v";
    "learn/m_gen/m_gen.v";
