#! /opt/homebrew/Cellar/icarus-verilog/11.0/bin/vvp
:ivl_version "11.0 (stable)";
:ivl_delay_selection "TYPICAL";
:vpi_time_precision - 11;
:vpi_module "/opt/homebrew/Cellar/icarus-verilog/11.0/lib/ivl/system.vpi";
:vpi_module "/opt/homebrew/Cellar/icarus-verilog/11.0/lib/ivl/vhdl_sys.vpi";
:vpi_module "/opt/homebrew/Cellar/icarus-verilog/11.0/lib/ivl/vhdl_textio.vpi";
:vpi_module "/opt/homebrew/Cellar/icarus-verilog/11.0/lib/ivl/v2005_math.vpi";
:vpi_module "/opt/homebrew/Cellar/icarus-verilog/11.0/lib/ivl/va_math.vpi";
S_0x13a7041e0 .scope module, "comp_conv_tb" "comp_conv_tb" 2 2;
 .timescale -9 -11;
v0x13a714c50_0 .var "a", 7 0;
v0x13a714ce0_0 .net "y", 7 0, L_0x13a715380;  1 drivers
S_0x13a704360 .scope module, "comp_conv" "comp_conv" 2 2, 3 2 0, S_0x13a7041e0;
 .timescale -9 -11;
    .port_info 0 /INPUT 8 "a";
    .port_info 1 /OUTPUT 8 "a_comp";
L_0x13a714e90 .functor NOT 7, L_0x13a714d90, C4<0000000>, C4<0000000>, C4<0000000>;
v0x13a704550_0 .net *"_ivl_1", 6 0, L_0x13a714d90;  1 drivers
v0x13a714610_0 .net *"_ivl_14", 0 0, L_0x13a715180;  1 drivers
v0x13a7146b0_0 .net *"_ivl_16", 0 0, L_0x13a715260;  1 drivers
L_0x130040010 .functor BUFT 1, C4<0000001>, C4<0>, C4<0>, C4<0>;
v0x13a714760_0 .net/2u *"_ivl_6", 6 0, L_0x130040010;  1 drivers
v0x13a714810_0 .net *"_ivl_8", 6 0, L_0x13a714f40;  1 drivers
v0x13a714900_0 .net "a", 7 0, v0x13a714c50_0;  1 drivers
v0x13a7149b0_0 .net "a_comp", 7 0, L_0x13a715380;  alias, 1 drivers
v0x13a714a60_0 .net "b", 6 0, L_0x13a714e90;  1 drivers
v0x13a714b10_0 .net "y", 7 0, L_0x13a7150a0;  1 drivers
L_0x13a714d90 .part v0x13a714c50_0, 0, 7;
L_0x13a714f40 .arith/sum 7, L_0x13a714e90, L_0x130040010;
L_0x13a7150a0 .concat8 [ 7 1 0 0], L_0x13a714f40, L_0x13a715180;
L_0x13a715180 .part v0x13a714c50_0, 7, 1;
L_0x13a715260 .part v0x13a714c50_0, 7, 1;
L_0x13a715380 .functor MUXZ 8, v0x13a714c50_0, L_0x13a7150a0, L_0x13a715260, C4<>;
    .scope S_0x13a7041e0;
T_0 ;
    %vpi_call 2 5 "$dumpfile", "learn/comp_conv/comp_conv.vcd" {0 0 0};
    %vpi_call 2 6 "$dumpvars", 32'sb00000000000000000000000000000000, S_0x13a7041e0 {0 0 0};
    %end;
    .thread T_0;
    .scope S_0x13a7041e0;
T_1 ;
    %pushi/vec4 0, 0, 8;
    %assign/vec4 v0x13a714c50_0, 0;
    %delay 300000, 0;
    %vpi_call 2 12 "$stop" {0 0 0};
    %end;
    .thread T_1;
    .scope S_0x13a7041e0;
T_2 ;
    %delay 1000, 0;
    %load/vec4 v0x13a714c50_0;
    %addi 1, 0, 8;
    %assign/vec4 v0x13a714c50_0, 0;
    %jmp T_2;
    .thread T_2;
# The file index is used to find the file name in the following table.
:file_names 4;
    "N/A";
    "<interactive>";
    "learn/comp_conv/comp_conv_tb.v";
    "learn/comp_conv/comp_conv.v";
